20220315-02:00:28	21603374619077448	111aa图片	1	6	www.fotolog.com.cn/tags/aa111	
20220315-02:00:55	23908140386148713	莫衷一是的意思	1	2	www.chinabaike.com/article/81/82/110/2007/2007020724490.html	
20220315-02:01:02	21603374619077448	111aa图片	1	6	www.fotolog.com.cn/tags/aa111	
20220315-02:01:08	23908140386148713	莫衷一是的意思	1	2	www.chinabaike.com/article/81/82/110/2007/2007020724490.html	
20220315-02:01:23	5228056822071097	75810部队	14	5	www.greatoo.com/greatoo_cn/list.asp?link_id=276&title=%BE%DE%C2%D6%D0%C2%CE%C5	
20220315-02:01:39	5228056822071097	75810部队	14	5	www.greatoo.com/greatoo_cn/list.asp?link_id=276&title=%BE%DE%C2%D6%D0%C2%CE%C5	
20220315-02:01:43	8561366108033201	汶川地震原因	3	2	www.big38.net/	
20220315-02:05:59	7705837978584771	谁是莎朗.斯通	4	1	ent.163.com/08/0527/23/4D047T3E00032NOP.html	
20220315-02:06:03	365755021316253	好听的歌	2	1	v.youku.com/v_show/id_cf00XMjQ2NzQzMg==.html	
20220315-02:06:09	34029624803587216	唐山大地震前的预兆	2	14	bbs.qianlong.com/redirect.php?fid=314&tid=995552&goto=nextoldset	
20220315-02:06:33	9674974850352136	5P56	2	8	v.youku.com/v_show/id_cg00XMjE3NTQzNzY=.html	
20220315-02:06:38	27320212965709856	彭丽媛近况	10	14	www.douban.com/group/topic/2825269/	
20220315-02:08:33	39868003858973905	如何提高乒乓球水平	4	5	iask.ent.sina.com.cn/b/3785523.html?from=related	
20220315-02:08:33	39868003858973905	如何提高乒乓球水平	4	5	iask.ent.sina.com.cn/b/3785523.html?from=related	
20220315-02:08:33	39868003858973905	如何提高乒乓球水平	4	5	iask.ent.sina.com.cn/b/3785523.html?from=related	
20220315-02:09:56	7584207738042873	范冰冰涉黄成名录像	10	4	205.209.176.151/simple/index.php?t4599.html	
20220315-02:09:56	7584207738042873	范冰冰涉黄成名录像	10	4	205.209.176.151/simple/index.php?t4599.html	
20220315-02:09:56	7584207738042873	范冰冰涉黄成名录像	10	4	205.209.176.151/simple/index.php?t4599.html	
20220315-02:12:25	5468377788581329	sound+dog	3	1	www.soundbitesdog.com/	
20220315-02:12:25	18929489315847686	宜昌奥运火炬传递	6	6	wenwen.soso.com/z/q57607830.htm	
20220315-02:12:25	4127156946571292	斯诺克世界排名	2	2	www.wikilib.com/wiki/??\xa1\xa5\xa8\xa8\xa1\xa5o?????????????????????\xa8\xa6?????	
20220315-02:13:35	5982430478653031	贺军翔	3	1	baike.baidu.com/view/7171.htm	
20220315-02:13:35	613278945544784	www.51xgdd.com/bbs	2	3	cang.baidu.com/shaofei2000/snap/d90c05f80c94afdf91e77209.html	
20220315-02:13:35	10237367561306676	莎朗斯通+免费电影	6	18	www.23kr.com/oumei/5650/	
20220315-02:14:09	19915570594004606	地震云	2	4	ks.cn.yahoo.com/question/1306072204691.html	
20220315-02:14:09	7666030551043789	八路中文网	1	6	www.86zw.com/	
20220315-02:14:09	5010239073616191	金希澈cy	1	1	zhidao.baidu.com/question/20411230.html	
20220315-02:14:42	6605960166399166	hp4vc	93	36	howmay.net/shop_view.asp?id=58	
20220315-02:14:43	9921918056504164	艾滋病检测5周	16	58	www.wtai.cn/book_info/4622-1.htm	
20220315-02:14:43	9248484149879699	北京协和医院地址	4	5	cha.ganji.com/BJxiehe.htm	
20220315-02:15:39	4131602806991457	广州桑拿ml	16	21	lenmian.blog.sohu.com/6473188.html	
20220315-02:15:40	24085471014261378	武林启示录+金铃	7	46	75.125.139.44/archiver/?tid-95381-page-5.html	
20220315-02:15:40	6929530538920935	蒙古国地图	2	2	www.9tour.cn/Wiki_Map/City3119/40815/1/	
20220315-02:15:40	2883245870568332	青岛信息港	1	2	www.qd.sd.cn/	
20220315-02:15:40	9498047550000352	恭喜四川发生大地震	34	8	jerrypz.blog.sohu.com/88573383.html	
20220315-02:15:40	6716035051814833	刘芳菲	5	26	chinaneast.xinhuanet.com/2006-03/01/content_6357553.htm	
20220315-02:15:41	35494681591404975	哄抢救灾物资	1	5	news.21cn.com/social/daqian/2008/05/29/4777194_1.shtml	
20220315-02:15:41	5612305052392541	杨思敏电影观看	9	19	www.23597.com/mm/movie.asp?id=3703	
20220315-02:15:41	8553005945427692	38	49	31	www.38xxx.com/	
20220315-02:15:41	3691729199504175	哭泣的星空+MP3	8	4	www.79tt.com/gequ/yingshiyinle/10659/Girl(yanzouquban).htm	
20220315-02:15:42	7703367071096152	天字娱乐网	1	1	www12.asphost4free.com/tianzient/book/	
20220315-02:15:42	47555581952499925	sonycd机	2	5	zhidao.baidu.com/question/25132937	
20220315-02:15:42	4420848190649436	广告不得妨碍环境和自然资源保护	1	48	ks.cn.yahoo.com/question/1406122200862.html	
20220315-02:15:42	4067570052329227	东方绿洲门票	7	14	bbs.wish365.com/redirect.php?fid=156&tid=112700&goto=nextnewset	
20220315-02:15:42	9707042405224849	门房秦大爷的故事	122	6	tw.netsh.com/bbs/856168/html/tree_27756744.html	
20220315-02:15:43	9874717412370105	小马过河的博客	11	9	cbqian.blog.sohu.com/64183800.html	
20220315-02:15:43	8044807682810249	三级片	4	55	news.xinhuanet.com/ent/2006-11/15/content_5332787.htm	
20220315-02:15:43	729488148175117	you+re+my+angel	2	2	www.5583.com/html/5871.htm	
20220315-02:15:43	8124309846341993	哄抢救灾物资	1	1	news.21cn.com/social/daqian/2008/05/29/4777194_1.shtml	
20220315-02:15:43	14654692051147733	彭丽媛近况	14	24	you.video.sina.com.cn/b/7121817-1192438080.html	
20220315-02:15:44	5317037171459831	中医治疗近视眼	1	26	www.51daifu.com/folk/2008/0324/EAD9AD07FF83DFE1H213721.shtml	
20220315-02:15:44	53157886125114184	国际象棋和棋残局	1	1	www.alt26.cn/Chess/article_05.htm	
20220315-02:15:44	6439147677011017	莎朗斯通电影	2	3	ent.sina.com.cn/m/2006-04-01/ba1035054.shtml	
20220315-02:15:44	5072292678929908	图吧欧美区	1	2	75.125.189.75/redirect.php?fid=12&tid=12523&goto=nextnewset	
20220315-02:15:44	9826806962227619	想看A	10	28	www.tianya.cn/new/publicforum/Content.asp?idWriter=0&Key=0&strItem=water&idArticle=737935&flag=1	
20220315-02:15:45	894602221257544	今宿麻美	22	18	www.pclady.com.cn/star/icon/beauty/0708/184262_1.html	
20220315-02:15:45	12655876481591344	弦子	1	1	news.baidu.com/f/18/xianzi.html	
20220315-02:15:45	20264036169315785	萧瑜	2	2	www.hoodong.com/wiki/%E8%90%A7%E7%91%9C	
20220315-02:15:45	2723484017556613	97sese	8	6	www.tiankei.com/	
20220315-02:15:45	8197440968020544	刀锋1937	1	2	www.youku.com/playlist_show/id_397088.html	
20220315-02:15:46	8668767995674689	5+12	6	6	jh.ourgame.com/	
20220315-02:15:46	3483563431608544	培训	1	1	www.china-training.com/	
20220315-02:15:46	27902923872283974	大阳摩托车前保险杠	2	128	www.motoyes.net/bbs/archiver/tid-143972.html	
20220315-02:15:46	7051535279458851	印尼海啸预言家	10	26	www.oldrain.com/bbs/dispbbs.asp?boardid=25&id=103236&star=1&page=32	
20220315-02:15:46	23476903464278792	北京男子养生馆	2	2	news.xinhuanet.com/video/2006-05/22/content_4582777.htm	
20220315-02:15:47	39251951749779407	卢旺达的首都	1	5	ks.cn.yahoo.com/question/1306081611003.html	
20220315-02:15:47	5261229186912386	古典诗歌的美丽与哀愁	10	2	cqmbc.com/b2b_cpinfo.asp?id=5063	
20220315-02:15:47	16587659377513714	哄抢救灾物资	2	1	pic.news.mop.com/gs/2008/0528/12985.shtml	
20220315-02:15:47	8242389147671512	捷克民歌土风舞++教案	2	3	shwamlys.blog.sohu.com/76558184.html	
20220315-02:15:47	9855074167792492	王近山将军的本人照片	5	25	www.langya.org/bbs/archive/index.php/t-24319.html	
20220315-02:15:48	4172634815030802	信用证MT700	1	18	zhidao.baidu.com/question/17280570	
20220315-02:15:48	4465872850487553	凤凰卫星电视	10	2	www.wfbrood.com/video/qita/video_26852.html	
20220315-02:15:48	8388842248075978	五月天网站	14	4	www.59se.net/	
20220315-02:15:48	5939017733119137	记得用英文怎么拼	1	1	zhidao.baidu.com/question/5323481.html	
20220315-02:15:49	904202685782887	spanking+bailey	31	5	adelehaze.com/	
20220315-02:15:49	9378259159932798	隆武帝	120	46	www.openow.net/details/e2007.html	
20220315-02:15:49	26426016573902366	土豆	3	1	www.tudoutv.com/	
20220315-02:15:49	4996021685937271	BAIDU	2	1	mp3.baidu.com/	
20220315-02:15:49	3691729199504175	哭泣的星空URL+MP3	3	6	hzebbs.com/hzebbs/archiver/?tid-1445.html	
20220315-02:15:50	6285529268649953	数字延庆	1	1	www.bjyq.gov.cn/	
20220315-02:15:50	8029714271347558	www.kao	9	1	digg.my160.com/topic/3282382	
20220315-02:15:50	4153467339770258	igogo8.com	1	1	igogo8.com/	
20220315-02:15:50	182670214142297	www.99wyt.com	1	7	www.99wyt.com/	
20220315-02:15:50	7230120314300312	阿宾全集在线阅读	12	37	www.piokor.com/bbs/viewthread.php?tid=4051&extra=page%3D1	
20220315-02:15:51	24677559105008068	山东取消工商管理费	7	6	news.xinhuanet.com/weekend/2006-06/30/content_4771120.htm	
20220315-02:15:51	8318734416616103	多功能视屏软件下载	7	2	www.cngr.cn/dir/216/340/2006111314909.html	
20220315-02:15:51	9868201035299642	长江7号	9	1	bk.pps.tv/ct202558474/	
20220315-02:15:51	9215584418987899	沈国放+间谍	2	17	news.qq.com/a/20060425/	
20220315-02:15:51	9662410290862511	假面天使内容分集介绍	3	1	www.meishichina.com/Love/Movie/200801/29963_10.html	
20220315-02:15:52	12986016211476164	哄抢救灾物资	2	2	pic.news.mop.com/gs/2008/0528/12985.shtml	
20220315-02:15:52	8280429944214946	戒烟软件	31	28	bbs.club.sohu.com/rs-zz0079-159-42274-42274-1204205175.html	
20220315-02:15:52	656910973601349	哄抢救灾物资	1	11	news.21cn.com/social/daqian/2008/05/29/4777194_1.shtml	
20220315-02:15:52	5352899294110477	沙宣方圆三角	45	8	www.sassoon.net.cn/7C57B1482BCF38D7.htm	
20220315-02:15:52	5754720290522501	万年历	3	2	calendar.8684.cn/	
20220315-02:15:53	3748206441329945	辣妹贴图	7	4	www.ieenn.com/star/local/200611/1596.shtml	
20220315-02:15:53	9028561568108053	gps	5	1	gps.pcpop.com/	
20220315-02:15:53	8072695289359183	91sese	6	1	66.79.187.84/two/9/article_16699_1.shtml	
20220315-02:15:53	6485853094504602	老外默哀	2	16	fuxing.bbs.cctv.com/viewthread.php?tid=11814009&extra=&page=9	
20220315-02:15:53	19576036750263126	肖恩-布莱德利	2	33	sports.enorth.com.cn/system/2001/08/09/000111691.shtml	
20220315-02:15:54	6508157208424787	big+boob	8	8	www.bigbooblinks.com/	
20220315-02:15:54	15464233351851264	一辆悍马多少钱	1	2	zhidao.baidu.com/question/40374928.html	
20220315-02:15:54	25207531102388625	铸剑步骤	4	3	mobile.wow4.com/tiyuyundong/20070413/15495.html	
20220315-02:15:54	43517608335039115	伊波拉病毒在线观看	1	10	www.fhudy.com/html/5435.html	
20220315-02:15:54	25632929431876566	中华玄幻网	1	1	www.cnibook.org/	
20220315-02:15:55	8553005945427692	38yin	1	20	sky38yin.blog.china.com/	
20220315-02:15:55	1298158921445502	邵兵的年龄	3	11	life.21cn.com/star/mirror/lm/file/2001-05-29/389934.html	
20220315-02:15:55	1011517038707826	诺基亚手机主题下载	8	59	bbs.imobile.com.cn/forum-3823-1.html	
20220315-02:15:55	7761008714659948	北京外国语大学排名	5	19	www.people.com.cn/GB/jiaoyu/1053/2573496.html	
20220315-02:15:56	7325015652923378	现役解放军中将名单	12	21	iask.sina.com.cn/b/2542939.html?from=related	
20220315-02:15:56	9266055144384006	快眼	1	3	www.booksky.org/	
20220315-02:15:56	8988150252734082	印尼排华是怎么回事	2	2	zhidao.baidu.com/question/47218514	
20220315-02:15:56	7325015652923378	现役解放军中将名单	25	24	zhidao.baidu.com/question/17709043.html?fr=qrl3	
20220315-02:15:56	28221537495446164	六一儿童节的歌曲视频地址	2	2	www.youku.com/v_show/id_cf00XNDYzODU1Mg==.html	
20220315-02:15:57	800463655244158	邓小平暗算叶剑英	4	7	culture.people.com.cn/GB/40479/40480/5991904.html	
20220315-02:15:57	4127156946571292	斯诺克世界排名	1	3	www.my147.net.cn/cmsweb/webportal/W434/A1805.html	
20220315-02:15:57	738668144227023	girls	5	7	www.badrussiangirls.com/	
20220315-02:15:57	5315461220560877	手机铃声	6	2	www.zjclw.com/	
20220315-02:15:57	13225470744505546	小额贴息贷款是否征收营业税	25	20	www.tzlawbook.com/BookInfo.asp?ID=25111	
20220315-02:15:58	13808223016726118	范跑跑	2	1	view.news.qq.com/zt/2008/fanpaopao/index.htm?	
20220315-02:15:58	9600802104012789	天国的阶梯	4	1	www.9lu.com/community/showtopic1_9_4117_0.html	
20220315-02:15:58	8876385486608922	蒙古国何时建立的	1	1	ks.cn.yahoo.com/question/1406102317462.html	
20220315-02:15:58	7813895492015799	原创三尾	11	5	www.774777.com/bbs/22186.html	
20220315-02:15:58	19503390568077655	浩方魔域	1	1	my.cga.com.cn/	
20220315-02:15:59	11018231533748263	sm	22	17	you.video.sina.com.cn/b/6258551-1264202500.html	
20220315-02:15:59	46414623641378583	比亚迪+报价	2	1	car.autohome.com.cn/brand/146/	
20220315-02:15:59	7171127407699531	大智慧证券软件	16	9	www.mydown2008.com/nShow_id_0709111455124.asp	
20220315-02:15:59	3728148364234195	教育	1001	1	click.cpc.sogou.com/bill_cpc?p=@R0cGQwvBvxwygNVlxcll3aklZlxnOZBlF3MR87klsOSllllGzhVl2zZ1rQd825dllllll==&q=cGlkPWFhbmppYSZyPTgmaD0xNjg0NDQ3MjAmdj03JmM9TwA=&url=http://www.szaptech.com.cn/	
20220315-02:15:59	8396324097893157	鹿城	3	3	www.ylxuan.cn/	
20220315-02:16:00	7259914673189174	mp4电影	3	5	mp4.zg99.com/	
20220315-02:16:00	730669417068702	傅星伯	132	19	blog.artron.net/?action/viewspace/itemid/77706	
